# JRE version: Java(TM) SE Runtime Environment (7.0_76-b13) (build 1.7.0_76-b13)
# Java VM: Java HotSpot(TM) 64-Bit Server VM (24.76-b04 mixed mode linux-amd64 compressed oops)
Heap
 PSYoungGen      total 140800K, used 17893K [0x00000000eaa80000, 0x00000000f4780000, 0x0000000100000000)
  eden space 122880K, 0% used [0x00000000eaa80000,0x00000000eaa80000,0x00000000f2280000)
  from space 17920K, 99% used [0x00000000f2280000,0x00000000f33f9470,0x00000000f3400000)
  to   space 15872K, 0% used [0x00000000f3400000,0x00000000f3400000,0x00000000f4380000)
 ParOldGen       total 82432K, used 42137K [0x00000000c0000000, 0x00000000c5080000, 0x00000000eaa80000)
  object space 82432K, 51% used [0x00000000c0000000,0x00000000c29264a0,0x00000000c5080000)
 PSPermGen       total 21504K, used 5719K [0x00000000bae00000, 0x00000000bc300000, 0x00000000c0000000)
  object space 21504K, 26% used [0x00000000bae00000,0x00000000bb395d58,0x00000000bc300000)
GC Heap History (10 events):
Event: 11,219 GC heap after
Heap after GC invocations=2 (full 0):
 PSYoungGen      total 36352K, used 5090K [0x00000000eaa80000, 0x00000000ef180000, 0x0000000100000000)
  eden space 31232K, 0% used [0x00000000eaa80000,0x00000000eaa80000,0x00000000ec900000)
  from space 5120K, 99% used [0x00000000ece00000,0x00000000ed2f89a8,0x00000000ed300000)
  to   space 5120K, 0% used [0x00000000ec900000,0x00000000ec900000,0x00000000ece00000)
 ParOldGen       total 82432K, used 4981K [0x00000000c0000000, 0x00000000c5080000, 0x00000000eaa80000)
  object space 82432K, 6% used [0x00000000c0000000,0x00000000c04dd670,0x00000000c5080000)
 PSPermGen       total 21504K, used 5543K [0x00000000bae00000, 0x00000000bc300000, 0x00000000c0000000)
  object space 21504K, 25% used [0x00000000bae00000,0x00000000bb369e40,0x00000000bc300000)
}
Event: 15,059 GC heap before
{Heap before GC invocations=3 (full 0):
 PSYoungGen      total 36352K, used 36322K [0x00000000eaa80000, 0x00000000ef180000, 0x0000000100000000)
  eden space 31232K, 100% used [0x00000000eaa80000,0x00000000ec900000,0x00000000ec900000)
  from space 5120K, 99% used [0x00000000ece00000,0x00000000ed2f89a8,0x00000000ed300000)
  to   space 5120K, 0% used [0x00000000ec900000,0x00000000ec900000,0x00000000ece00000)
 ParOldGen       total 82432K, used 4981K [0x00000000c0000000, 0x00000000c5080000, 0x00000000eaa80000)
  object space 82432K, 6% used [0x00000000c0000000,0x00000000c04dd670,0x00000000c5080000)
 PSPermGen       total 21504K, used 5585K [0x00000000bae00000, 0x00000000bc300000, 0x00000000c0000000)
  object space 21504K, 25% used [0x00000000bae00000,0x00000000bb374528,0x00000000bc300000)
Event: 15,302 GC heap after
Heap after GC invocations=3 (full 0):
 PSYoungGen      total 36352K, used 5092K [0x00000000eaa80000, 0x00000000ef180000, 0x0000000100000000)
  eden space 31232K, 0% used [0x00000000eaa80000,0x00000000eaa80000,0x00000000ec900000)
  from space 5120K, 99% used [0x00000000ec900000,0x00000000ecdf9330,0x00000000ece00000)
  to   space 5120K, 0% used [0x00000000eec80000,0x00000000eec80000,0x00000000ef180000)
 ParOldGen       total 82432K, used 9944K [0x00000000c0000000, 0x00000000c5080000, 0x00000000eaa80000)
  object space 82432K, 12% used [0x00000000c0000000,0x00000000c09b6048,0x00000000c5080000)
 PSPermGen       total 21504K, used 5585K [0x00000000bae00000, 0x00000000bc300000, 0x00000000c0000000)
  object space 21504K, 25% used [0x00000000bae00000,0x00000000bb374528,0x00000000bc300000)
}
Event: 17,189 GC heap before
{Heap before GC invocations=4 (full 0):
 PSYoungGen      total 36352K, used 36324K [0x00000000eaa80000, 0x00000000ef180000, 0x0000000100000000)
  eden space 31232K, 100% used [0x00000000eaa80000,0x00000000ec900000,0x00000000ec900000)
  from space 5120K, 99% used [0x00000000ec900000,0x00000000ecdf9330,0x00000000ece00000)
  to   space 5120K, 0% used [0x00000000eec80000,0x00000000eec80000,0x00000000ef180000)
 ParOldGen       total 82432K, used 9944K [0x00000000c0000000, 0x00000000c5080000, 0x00000000eaa80000)
  object space 82432K, 12% used [0x00000000c0000000,0x00000000c09b6048,0x00000000c5080000)
 PSPermGen       total 21504K, used 5612K [0x00000000bae00000, 0x00000000bc300000, 0x00000000c0000000)
  object space 21504K, 26% used [0x00000000bae00000,0x00000000bb37b030,0x00000000bc300000)
Event: 17,275 GC heap after
Heap after GC invocations=4 (full 0):
 PSYoungGen      total 67584K, used 5107K [0x00000000eaa80000, 0x00000000ef180000, 0x0000000100000000)
  eden space 62464K, 0% used [0x00000000eaa80000,0x00000000eaa80000,0x00000000ee780000)
  from space 5120K, 99% used [0x00000000eec80000,0x00000000ef17cf50,0x00000000ef180000)
  to   space 5120K, 0% used [0x00000000ee780000,0x00000000ee780000,0x00000000eec80000)
 ParOldGen       total 82432K, used 15438K [0x00000000c0000000, 0x00000000c5080000, 0x00000000eaa80000)
  object space 82432K, 18% used [0x00000000c0000000,0x00000000c0f13810,0x00000000c5080000)
 PSPermGen       total 21504K, used 5612K [0x00000000bae00000, 0x00000000bc300000, 0x00000000c0000000)
  object space 21504K, 26% used [0x00000000bae00000,0x00000000bb37b030,0x00000000bc300000)
}
Event: 20,715 GC heap before
{Heap before GC invocations=5 (full 0):
 PSYoungGen      total 67584K, used 67571K [0x00000000eaa80000, 0x00000000ef180000, 0x0000000100000000)
  eden space 62464K, 100% used [0x00000000eaa80000,0x00000000ee780000,0x00000000ee780000)
  from space 5120K, 99% used [0x00000000eec80000,0x00000000ef17cf50,0x00000000ef180000)
  to   space 5120K, 0% used [0x00000000ee780000,0x00000000ee780000,0x00000000eec80000)
 ParOldGen       total 82432K, used 15438K [0x00000000c0000000, 0x00000000c5080000, 0x00000000eaa80000)
  object space 82432K, 18% used [0x00000000c0000000,0x00000000c0f13810,0x00000000c5080000)
 PSPermGen       total 21504K, used 5649K [0x00000000bae00000, 0x00000000bc300000, 0x00000000c0000000)
  object space 21504K, 26% used [0x00000000bae00000,0x00000000bb384598,0x00000000bc300000)
Event: 20,890 GC heap after
Heap after GC invocations=5 (full 0):
 PSYoungGen      total 67584K, used 5104K [0x00000000eaa80000, 0x00000000f4380000, 0x0000000100000000)
  eden space 62464K, 0% used [0x00000000eaa80000,0x00000000eaa80000,0x00000000ee780000)
  from space 5120K, 99% used [0x00000000ee780000,0x00000000eec7c2c0,0x00000000eec80000)
  to   space 15872K, 0% used [0x00000000f3400000,0x00000000f3400000,0x00000000f4380000)
 ParOldGen       total 82432K, used 25370K [0x00000000c0000000, 0x00000000c5080000, 0x00000000eaa80000)
  object space 82432K, 30% used [0x00000000c0000000,0x00000000c18c69b8,0x00000000c5080000)
 PSPermGen       total 21504K, used 5649K [0x00000000bae00000, 0x00000000bc300000, 0x00000000c0000000)
  object space 21504K, 26% used [0x00000000bae00000,0x00000000bb384598,0x00000000bc300000)
}
Event: 23,713 GC heap before
{Heap before GC invocations=6 (full 0):
 PSYoungGen      total 67584K, used 67568K [0x00000000eaa80000, 0x00000000f4380000, 0x0000000100000000)
  eden space 62464K, 100% used [0x00000000eaa80000,0x00000000ee780000,0x00000000ee780000)
  from space 5120K, 99% used [0x00000000ee780000,0x00000000eec7c2c0,0x00000000eec80000)
  to   space 15872K, 0% used [0x00000000f3400000,0x00000000f3400000,0x00000000f4380000)
 ParOldGen       total 82432K, used 25370K [0x00000000c0000000, 0x00000000c5080000, 0x00000000eaa80000)
  object space 82432K, 30% used [0x00000000c0000000,0x00000000c18c69b8,0x00000000c5080000)
 PSPermGen       total 21504K, used 5669K [0x00000000bae00000, 0x00000000bc300000, 0x00000000c0000000)
  object space 21504K, 26% used [0x00000000bae00000,0x00000000bb389540,0x00000000bc300000)
Event: 23,934 GC heap after
Heap after GC invocations=6 (full 0):
 PSYoungGen      total 138752K, used 15576K [0x00000000eaa80000, 0x00000000f4780000, 0x0000000100000000)
  eden space 122880K, 0% used [0x00000000eaa80000,0x00000000eaa80000,0x00000000f2280000)
  from space 15872K, 98% used [0x00000000f3400000,0x00000000f4336338,0x00000000f4380000)
  to   space 17920K, 0% used [0x00000000f2280000,0x00000000f2280000,0x00000000f3400000)
 ParOldGen       total 82432K, used 25370K [0x00000000c0000000, 0x00000000c5080000, 0x00000000eaa80000)
  object space 82432K, 30% used [0x00000000c0000000,0x00000000c18c69b8,0x00000000c5080000)
 PSPermGen       total 21504K, used 5669K [0x00000000bae00000, 0x00000000bc300000, 0x00000000c0000000)
  object space 21504K, 26% used [0x00000000bae00000,0x00000000bb389540,0x00000000bc300000)
}
Event: 28,683 GC heap before
{Heap before GC invocations=7 (full 0):
 PSYoungGen      total 138752K, used 138456K [0x00000000eaa80000, 0x00000000f4780000, 0x0000000100000000)
  eden space 122880K, 100% used [0x00000000eaa80000,0x00000000f2280000,0x00000000f2280000)
  from space 15872K, 98% used [0x00000000f3400000,0x00000000f4336338,0x00000000f4380000)
  to   space 17920K, 0% used [0x00000000f2280000,0x00000000f2280000,0x00000000f3400000)
 ParOldGen       total 82432K, used 25370K [0x00000000c0000000, 0x00000000c5080000, 0x00000000eaa80000)
  object space 82432K, 30% used [0x00000000c0000000,0x00000000c18c69b8,0x00000000c5080000)
 PSPermGen       total 21504K, used 5719K [0x00000000bae00000, 0x00000000bc300000, 0x00000000c0000000)
  object space 21504K, 26% used [0x00000000bae00000,0x00000000bb395d58,0x00000000bc300000)

