# JRE version: Java(TM) SE Runtime Environment (7.0_76-b13) (build 1.7.0_76-b13)
# Java VM: Java HotSpot(TM) 64-Bit Server VM (24.76-b04 mixed mode linux-amd64 compressed oops)
Heap
 PSYoungGen      total 259072K, used 10219K [0x00000000eaa80000, 0x00000000fb180000, 0x0000000100000000)
  eden space 248832K, 0% used [0x00000000eaa80000,0x00000000eaa80000,0x00000000f9d80000)
  from space 10240K, 99% used [0x00000000f9d80000,0x00000000fa77ad50,0x00000000fa780000)
  to   space 10240K, 0% used [0x00000000fa780000,0x00000000fa780000,0x00000000fb180000)
 ParOldGen       total 82432K, used 14449K [0x00000000c0000000, 0x00000000c5080000, 0x00000000eaa80000)
  object space 82432K, 17% used [0x00000000c0000000,0x00000000c0e1c7b0,0x00000000c5080000)
 PSPermGen       total 28160K, used 27813K [0x00000000b0000000, 0x00000000b1b80000, 0x00000000c0000000)
  object space 28160K, 98% used [0x00000000b0000000,0x00000000b1b296a8,0x00000000b1b80000)
GC Heap History (10 events):
Event: 10,158 GC heap after
Heap after GC invocations=4 (full 0):
 PSYoungGen      total 67584K, used 5112K [0x00000000eaa80000, 0x00000000ef180000, 0x0000000100000000)
  eden space 62464K, 0% used [0x00000000eaa80000,0x00000000eaa80000,0x00000000ee780000)
  from space 5120K, 99% used [0x00000000eec80000,0x00000000ef17e110,0x00000000ef180000)
  to   space 5120K, 0% used [0x00000000ee780000,0x00000000ee780000,0x00000000eec80000)
 ParOldGen       total 82432K, used 7075K [0x00000000c0000000, 0x00000000c5080000, 0x00000000eaa80000)
  object space 82432K, 8% used [0x00000000c0000000,0x00000000c06e8cc0,0x00000000c5080000)
 PSPermGen       total 21504K, used 20248K [0x00000000b0000000, 0x00000000b1500000, 0x00000000c0000000)
  object space 21504K, 94% used [0x00000000b0000000,0x00000000b13c6060,0x00000000b1500000)
}
Event: 10,901 GC heap before
{Heap before GC invocations=5 (full 0):
 PSYoungGen      total 67584K, used 67576K [0x00000000eaa80000, 0x00000000ef180000, 0x0000000100000000)
  eden space 62464K, 100% used [0x00000000eaa80000,0x00000000ee780000,0x00000000ee780000)
  from space 5120K, 99% used [0x00000000eec80000,0x00000000ef17e110,0x00000000ef180000)
  to   space 5120K, 0% used [0x00000000ee780000,0x00000000ee780000,0x00000000eec80000)
 ParOldGen       total 82432K, used 7075K [0x00000000c0000000, 0x00000000c5080000, 0x00000000eaa80000)
  object space 82432K, 8% used [0x00000000c0000000,0x00000000c06e8cc0,0x00000000c5080000)
 PSPermGen       total 21504K, used 20255K [0x00000000b0000000, 0x00000000b1500000, 0x00000000c0000000)
  object space 21504K, 94% used [0x00000000b0000000,0x00000000b13c7fe0,0x00000000b1500000)
Event: 10,926 GC heap after
Heap after GC invocations=5 (full 0):
 PSYoungGen      total 67584K, used 5108K [0x00000000eaa80000, 0x00000000f3780000, 0x0000000100000000)
  eden space 62464K, 0% used [0x00000000eaa80000,0x00000000eaa80000,0x00000000ee780000)
  from space 5120K, 99% used [0x00000000ee780000,0x00000000eec7d110,0x00000000eec80000)
  to   space 9728K, 0% used [0x00000000f2e00000,0x00000000f2e00000,0x00000000f3780000)
 ParOldGen       total 82432K, used 7371K [0x00000000c0000000, 0x00000000c5080000, 0x00000000eaa80000)
  object space 82432K, 8% used [0x00000000c0000000,0x00000000c0732f58,0x00000000c5080000)
 PSPermGen       total 21504K, used 20255K [0x00000000b0000000, 0x00000000b1500000, 0x00000000c0000000)
  object space 21504K, 94% used [0x00000000b0000000,0x00000000b13c7fe0,0x00000000b1500000)
}
Event: 12,762 GC heap before
{Heap before GC invocations=6 (full 0):
 PSYoungGen      total 67584K, used 67572K [0x00000000eaa80000, 0x00000000f3780000, 0x0000000100000000)
  eden space 62464K, 100% used [0x00000000eaa80000,0x00000000ee780000,0x00000000ee780000)
  from space 5120K, 99% used [0x00000000ee780000,0x00000000eec7d110,0x00000000eec80000)
  to   space 9728K, 0% used [0x00000000f2e00000,0x00000000f2e00000,0x00000000f3780000)
 ParOldGen       total 82432K, used 7371K [0x00000000c0000000, 0x00000000c5080000, 0x00000000eaa80000)
  object space 82432K, 8% used [0x00000000c0000000,0x00000000c0732f58,0x00000000c5080000)
 PSPermGen       total 22528K, used 22196K [0x00000000b0000000, 0x00000000b1600000, 0x00000000c0000000)
  object space 22528K, 98% used [0x00000000b0000000,0x00000000b15ad380,0x00000000b1600000)
Event: 12,796 GC heap after
Heap after GC invocations=6 (full 0):
 PSYoungGen      total 134144K, used 7985K [0x00000000eaa80000, 0x00000000f3880000, 0x0000000100000000)
  eden space 124416K, 0% used [0x00000000eaa80000,0x00000000eaa80000,0x00000000f2400000)
  from space 9728K, 82% used [0x00000000f2e00000,0x00000000f35cc440,0x00000000f3780000)
  to   space 10240K, 0% used [0x00000000f2400000,0x00000000f2400000,0x00000000f2e00000)
 ParOldGen       total 82432K, used 7371K [0x00000000c0000000, 0x00000000c5080000, 0x00000000eaa80000)
  object space 82432K, 8% used [0x00000000c0000000,0x00000000c0732f58,0x00000000c5080000)
 PSPermGen       total 22528K, used 22196K [0x00000000b0000000, 0x00000000b1600000, 0x00000000c0000000)
  object space 22528K, 98% used [0x00000000b0000000,0x00000000b15ad380,0x00000000b1600000)
}
Event: 14,446 GC heap before
{Heap before GC invocations=7 (full 0):
 PSYoungGen      total 134144K, used 132401K [0x00000000eaa80000, 0x00000000f3880000, 0x0000000100000000)
  eden space 124416K, 100% used [0x00000000eaa80000,0x00000000f2400000,0x00000000f2400000)
  from space 9728K, 82% used [0x00000000f2e00000,0x00000000f35cc440,0x00000000f3780000)
  to   space 10240K, 0% used [0x00000000f2400000,0x00000000f2400000,0x00000000f2e00000)
 ParOldGen       total 82432K, used 7371K [0x00000000c0000000, 0x00000000c5080000, 0x00000000eaa80000)
  object space 82432K, 8% used [0x00000000c0000000,0x00000000c0732f58,0x00000000c5080000)
 PSPermGen       total 22528K, used 22222K [0x00000000b0000000, 0x00000000b1600000, 0x00000000c0000000)
  object space 22528K, 98% used [0x00000000b0000000,0x00000000b15b3990,0x00000000b1600000)
Event: 14,470 GC heap after
Heap after GC invocations=7 (full 0):
 PSYoungGen      total 134656K, used 5144K [0x00000000eaa80000, 0x00000000fb180000, 0x0000000100000000)
  eden space 124416K, 0% used [0x00000000eaa80000,0x00000000eaa80000,0x00000000f2400000)
  from space 10240K, 50% used [0x00000000f2400000,0x00000000f29060f0,0x00000000f2e00000)
  to   space 10240K, 0% used [0x00000000fa780000,0x00000000fa780000,0x00000000fb180000)
 ParOldGen       total 82432K, used 9798K [0x00000000c0000000, 0x00000000c5080000, 0x00000000eaa80000)
  object space 82432K, 11% used [0x00000000c0000000,0x00000000c0991af8,0x00000000c5080000)
 PSPermGen       total 22528K, used 22222K [0x00000000b0000000, 0x00000000b1600000, 0x00000000c0000000)
  object space 22528K, 98% used [0x00000000b0000000,0x00000000b15b3990,0x00000000b1600000)
}
Event: 16,475 GC heap before
{Heap before GC invocations=8 (full 0):
 PSYoungGen      total 134656K, used 129560K [0x00000000eaa80000, 0x00000000fb180000, 0x0000000100000000)
  eden space 124416K, 100% used [0x00000000eaa80000,0x00000000f2400000,0x00000000f2400000)
  from space 10240K, 50% used [0x00000000f2400000,0x00000000f29060f0,0x00000000f2e00000)
  to   space 10240K, 0% used [0x00000000fa780000,0x00000000fa780000,0x00000000fb180000)
 ParOldGen       total 82432K, used 9798K [0x00000000c0000000, 0x00000000c5080000, 0x00000000eaa80000)
  object space 82432K, 11% used [0x00000000c0000000,0x00000000c0991af8,0x00000000c5080000)
 PSPermGen       total 24064K, used 23707K [0x00000000b0000000, 0x00000000b1780000, 0x00000000c0000000)
  object space 24064K, 98% used [0x00000000b0000000,0x00000000b1726e30,0x00000000b1780000)
Event: 16,539 GC heap after
Heap after GC invocations=8 (full 0):
 PSYoungGen      total 259072K, used 8419K [0x00000000eaa80000, 0x00000000fb180000, 0x0000000100000000)
  eden space 248832K, 0% used [0x00000000eaa80000,0x00000000eaa80000,0x00000000f9d80000)
  from space 10240K, 82% used [0x00000000fa780000,0x00000000fafb8ed8,0x00000000fb180000)
  to   space 10240K, 0% used [0x00000000f9d80000,0x00000000f9d80000,0x00000000fa780000)
 ParOldGen       total 82432K, used 12134K [0x00000000c0000000, 0x00000000c5080000, 0x00000000eaa80000)
  object space 82432K, 14% used [0x00000000c0000000,0x00000000c0bd9b78,0x00000000c5080000)
 PSPermGen       total 24064K, used 23707K [0x00000000b0000000, 0x00000000b1780000, 0x00000000c0000000)
  object space 24064K, 98% used [0x00000000b0000000,0x00000000b1726e30,0x00000000b1780000)
}
Event: 62,244 GC heap before
{Heap before GC invocations=9 (full 0):
 PSYoungGen      total 259072K, used 257251K [0x00000000eaa80000, 0x00000000fb180000, 0x0000000100000000)
  eden space 248832K, 100% used [0x00000000eaa80000,0x00000000f9d80000,0x00000000f9d80000)
  from space 10240K, 82% used [0x00000000fa780000,0x00000000fafb8ed8,0x00000000fb180000)
  to   space 10240K, 0% used [0x00000000f9d80000,0x00000000f9d80000,0x00000000fa780000)
 ParOldGen       total 82432K, used 12134K [0x00000000c0000000, 0x00000000c5080000, 0x00000000eaa80000)
  object space 82432K, 14% used [0x00000000c0000000,0x00000000c0bd9b78,0x00000000c5080000)
 PSPermGen       total 28160K, used 27813K [0x00000000b0000000, 0x00000000b1b80000, 0x00000000c0000000)
  object space 28160K, 98% used [0x00000000b0000000,0x00000000b1b296a8,0x00000000b1b80000)

